  Jump -m started
  2021/03/28 17:42:07

  #####################
  # Feature detection #
  #####################
  Feature detection from FTLD_Batch2_F50.mzXML
  Feature detection from FTLD_Batch2_F51.mzXML
  Feature detection from FTLD_Batch2_F52.mzXML

  Jump -m finished
  2021/03/28 17:51:43
  Jump -m started
  2021/03/28 17:51:43

  #####################
  # Feature detection #
  #####################
  Feature detection from FTLD_Batch2_F50.mzXML
  Feature detection from FTLD_Batch2_F51.mzXML
  Feature detection from FTLD_Batch2_F52.mzXML

  Jump -m finished
  2021/03/28 18:04:01
  Jump -m started
  2021/03/28 18:04:01

  #####################
  # Feature detection #
  #####################
  Feature detection from FTLD_Batch2_F50.mzXML
  Feature detection from FTLD_Batch2_F51.mzXML
  Feature detection from FTLD_Batch2_F52.mzXML

  Jump -m finished
  2021/03/28 18:19:21
  Jump -m started
  2021/03/28 18:19:21

  #####################
  # Feature detection #
  #####################
  Feature detection from FTLD_Batch2_F50.mzXML
  Feature detection from FTLD_Batch2_F51.mzXML
  Feature detection from FTLD_Batch2_F52.mzXML

  Jump -m finished
  2021/03/28 18:37:58
  Jump -m started
  2021/03/28 18:37:58

  #####################
  # Feature detection #
  #####################
  Feature detection from FTLD_Batch2_F50.mzXML
  Feature detection from FTLD_Batch2_F51.mzXML
  Feature detection from FTLD_Batch2_F52.mzXML

  Jump -m finished
  2021/03/28 19:00:30
